# JRE version: Java(TM) SE Runtime Environment (8.0_191-b12) (build 1.8.0_191-b12)
# Java VM: Java HotSpot(TM) Client VM (25.191-b12 mixed mode windows-x86 )
Heap:
 def new generation   total 157248K, used 3440K [0x05800000, 0x102a0000, 0x102a0000)
  eden space 139776K,   2% used [0x05800000, 0x05b5c3e0, 0x0e080000)
  from space 17472K,   0% used [0x0e080000, 0x0e080000, 0x0f190000)
  to   space 17472K,   0% used [0x0f190000, 0x0f190000, 0x102a0000)
 tenured generation   total 349568K, used 212611K [0x102a0000, 0x25800000, 0x25800000)
   the space 349568K,  60% used [0x102a0000, 0x1d240f38, 0x1d241000, 0x25800000)
 Metaspace       used 26903K, capacity 27410K, committed 27648K, reserved 28032K
GC Heap History (10 events):
Event: 3743.477 GC heap before
{Heap before GC invocations=25 (full 3):
 def new generation   total 116928K, used 116928K [0x05800000, 0x0d6d0000, 0x102a0000)
  eden space 104000K, 100% used [0x05800000, 0x0bd90000, 0x0bd90000)
  from space 12928K, 100% used [0x0bd90000, 0x0ca30000, 0x0ca30000)
  to   space 12928K,   0% used [0x0ca30000, 0x0ca30000, 0x0d6d0000)
 tenured generation   total 259628K, used 184089K [0x102a0000, 0x2002b000, 0x25800000)
   the space 259628K,  70% used [0x102a0000, 0x1b6664a0, 0x1b666600, 0x2002b000)
 Metaspace       used 26963K, capacity 27492K, committed 27648K, reserved 28032K
Event: 3743.515 GC heap after
Heap after GC invocations=26 (full 3):
 def new generation   total 116928K, used 7606K [0x05800000, 0x0d6d0000, 0x102a0000)
  eden space 104000K,   0% used [0x05800000, 0x05800000, 0x0bd90000)
  from space 12928K,  58% used [0x0ca30000, 0x0d19dad8, 0x0d6d0000)
  to   space 12928K,   0% used [0x0bd90000, 0x0bd90000, 0x0ca30000)
 tenured generation   total 259628K, used 199289K [0x102a0000, 0x2002b000, 0x25800000)
   the space 259628K,  76% used [0x102a0000, 0x1c53e768, 0x1c53e800, 0x2002b000)
 Metaspace       used 26963K, capacity 27492K, committed 27648K, reserved 28032K
}
Event: 3746.110 GC heap before
{Heap before GC invocations=26 (full 3):
 def new generation   total 116928K, used 111606K [0x05800000, 0x0d6d0000, 0x102a0000)
  eden space 104000K, 100% used [0x05800000, 0x0bd90000, 0x0bd90000)
  from space 12928K,  58% used [0x0ca30000, 0x0d19dad8, 0x0d6d0000)
  to   space 12928K,   0% used [0x0bd90000, 0x0bd90000, 0x0ca30000)
 tenured generation   total 259628K, used 199289K [0x102a0000, 0x2002b000, 0x25800000)
   the space 259628K,  76% used [0x102a0000, 0x1c53e768, 0x1c53e800, 0x2002b000)
 Metaspace       used 26963K, capacity 27492K, committed 27648K, reserved 28032K
Event: 3746.144 GC heap after
Heap after GC invocations=27 (full 3):
 def new generation   total 116928K, used 3886K [0x05800000, 0x0d6d0000, 0x102a0000)
  eden space 104000K,   0% used [0x05800000, 0x05800000, 0x0bd90000)
  from space 12928K,  30% used [0x0bd90000, 0x0c15b828, 0x0ca30000)
  to   space 12928K,   0% used [0x0ca30000, 0x0ca30000, 0x0d6d0000)
 tenured generation   total 259628K, used 223862K [0x102a0000, 0x2002b000, 0x25800000)
   the space 259628K,  86% used [0x102a0000, 0x1dd3daa8, 0x1dd3dc00, 0x2002b000)
 Metaspace       used 26963K, capacity 27492K, committed 27648K, reserved 28032K
}
Event: 3750.251 GC heap before
{Heap before GC invocations=27 (full 3):
 def new generation   total 116928K, used 107886K [0x05800000, 0x0d6d0000, 0x102a0000)
  eden space 104000K, 100% used [0x05800000, 0x0bd90000, 0x0bd90000)
  from space 12928K,  30% used [0x0bd90000, 0x0c15b828, 0x0ca30000)
  to   space 12928K,   0% used [0x0ca30000, 0x0ca30000, 0x0d6d0000)
 tenured generation   total 259628K, used 223862K [0x102a0000, 0x2002b000, 0x25800000)
   the space 259628K,  86% used [0x102a0000, 0x1dd3daa8, 0x1dd3dc00, 0x2002b000)
 Metaspace       used 26963K, capacity 27492K, committed 27648K, reserved 28032K
Event: 3750.286 GC heap after
Heap after GC invocations=28 (full 3):
 def new generation   total 116928K, used 12436K [0x05800000, 0x0d6d0000, 0x102a0000)
  eden space 104000K,   0% used [0x05800000, 0x05800000, 0x0bd90000)
  from space 12928K,  96% used [0x0ca30000, 0x0d655150, 0x0d6d0000)
  to   space 12928K,   0% used [0x0bd90000, 0x0bd90000, 0x0ca30000)
 tenured generation   total 259628K, used 241878K [0x102a0000, 0x2002b000, 0x25800000)
   the space 259628K,  93% used [0x102a0000, 0x1eed59a0, 0x1eed5a00, 0x2002b000)
 Metaspace       used 26963K, capacity 27492K, committed 27648K, reserved 28032K
}
Event: 3755.161 GC heap before
{Heap before GC invocations=28 (full 3):
 def new generation   total 116928K, used 116436K [0x05800000, 0x0d6d0000, 0x102a0000)
  eden space 104000K, 100% used [0x05800000, 0x0bd90000, 0x0bd90000)
  from space 12928K,  96% used [0x0ca30000, 0x0d655150, 0x0d6d0000)
  to   space 12928K,   0% used [0x0bd90000, 0x0bd90000, 0x0ca30000)
 tenured generation   total 259628K, used 241878K [0x102a0000, 0x2002b000, 0x25800000)
   the space 259628K,  93% used [0x102a0000, 0x1eed59a0, 0x1eed5a00, 0x2002b000)
 Metaspace       used 26963K, capacity 27492K, committed 27648K, reserved 28032K
Event: 3755.197 GC heap after
Heap after GC invocations=29 (full 3):
 def new generation   total 116928K, used 10404K [0x05800000, 0x0d6d0000, 0x102a0000)
  eden space 104000K,   0% used [0x05800000, 0x05800000, 0x0bd90000)
  from space 12928K,  80% used [0x0bd90000, 0x0c7b9318, 0x0ca30000)
  to   space 12928K,   0% used [0x0ca30000, 0x0ca30000, 0x0d6d0000)
 tenured generation   total 259628K, used 253411K [0x102a0000, 0x2002b000, 0x25800000)
   the space 259628K,  97% used [0x102a0000, 0x1fa18d18, 0x1fa18e00, 0x2002b000)
 Metaspace       used 26963K, capacity 27492K, committed 27648K, reserved 28032K
}
Event: 3761.584 GC heap before
{Heap before GC invocations=29 (full 3):
 def new generation   total 116928K, used 114404K [0x05800000, 0x0d6d0000, 0x102a0000)
  eden space 104000K, 100% used [0x05800000, 0x0bd90000, 0x0bd90000)
  from space 12928K,  80% used [0x0bd90000, 0x0c7b9318, 0x0ca30000)
  to   space 12928K,   0% used [0x0ca30000, 0x0ca30000, 0x0d6d0000)
 tenured generation   total 259628K, used 253411K [0x102a0000, 0x2002b000, 0x25800000)
   the space 259628K,  97% used [0x102a0000, 0x1fa18d18, 0x1fa18e00, 0x2002b000)
 Metaspace       used 26963K, capacity 27492K, committed 27648K, reserved 28032K
Event: 3762.453 GC heap after
Heap after GC invocations=30 (full 4):
 def new generation   total 157248K, used 0K [0x05800000, 0x102a0000, 0x102a0000)
  eden space 139776K,   0% used [0x05800000, 0x05800000, 0x0e080000)
  from space 17472K,   0% used [0x0e080000, 0x0e080000, 0x0f190000)
  to   space 17472K,   0% used [0x0f190000, 0x0f190000, 0x102a0000)
 tenured generation   total 349568K, used 212611K [0x102a0000, 0x25800000, 0x25800000)
   the space 349568K,  60% used [0x102a0000, 0x1d240f38, 0x1d241000, 0x25800000)
 Metaspace       used 26903K, capacity 27410K, committed 27648K, reserved 28032K
}

